# JRE version: OpenJDK Runtime Environment Temurin-17.0.15+6 (17.0.15+6) (build 17.0.15+6)
# Java VM: OpenJDK 64-Bit Server VM Temurin-17.0.15+6 (17.0.15+6, mixed mode, sharing, tiered, compressed oops, compressed class ptrs, g1 gc, windows-amd64)
GC Precious Log:
 CPUs: 4 total, 4 available
 Memory: 7886M
 Large Page Support: Disabled
 NUMA Support: Disabled
 Compressed Oops: Enabled (32-bit)
 Heap Region Size: 1M
 Heap Min Capacity: 256M
 Heap Initial Capacity: 256M
 Heap Max Capacity: 512M
 Pre-touch: Disabled
 Parallel Workers: 4
 Concurrent Workers: 1
 Concurrent Refinement Workers: 4
 Periodic GC: Disabled
Heap:
 garbage-first heap   total 334848K, used 251333K [0x00000000e0000000, 0x0000000100000000)
  region size 1024K, 58 young (59392K), 2 survivors (2048K)
 Metaspace       used 74745K, committed 75456K, reserved 458752K
  class space    used 10315K, committed 10688K, reserved 327680K
GC Heap History (20 events):
Event: 134.099 GC heap before
{Heap before GC invocations=26 (full 0):
 garbage-first heap   total 322560K, used 158252K [0x00000000e0000000, 0x0000000100000000)
  region size 1024K, 15 young (15360K), 3 survivors (3072K)
 Metaspace       used 73950K, committed 74624K, reserved 393216K
  class space    used 10293K, committed 10624K, reserved 327680K
}
Event: 134.104 GC heap after
{Heap after GC invocations=27 (full 0):
 garbage-first heap   total 322560K, used 144418K [0x00000000e0000000, 0x0000000100000000)
  region size 1024K, 2 young (2048K), 2 survivors (2048K)
 Metaspace       used 73950K, committed 74624K, reserved 393216K
  class space    used 10293K, committed 10624K, reserved 327680K
}
Event: 135.721 GC heap before
{Heap before GC invocations=27 (full 0):
 garbage-first heap   total 322560K, used 153634K [0x00000000e0000000, 0x0000000100000000)
  region size 1024K, 12 young (12288K), 2 survivors (2048K)
 Metaspace       used 74141K, committed 74880K, reserved 393216K
  class space    used 10302K, committed 10688K, reserved 327680K
}
Event: 135.725 GC heap after
{Heap after GC invocations=28 (full 0):
 garbage-first heap   total 322560K, used 145346K [0x00000000e0000000, 0x0000000100000000)
  region size 1024K, 2 young (2048K), 2 survivors (2048K)
 Metaspace       used 74141K, committed 74880K, reserved 393216K
  class space    used 10302K, committed 10688K, reserved 327680K
}
Event: 140.915 GC heap before
{Heap before GC invocations=29 (full 0):
 garbage-first heap   total 322560K, used 289730K [0x00000000e0000000, 0x0000000100000000)
  region size 1024K, 111 young (113664K), 2 survivors (2048K)
 Metaspace       used 74616K, committed 75328K, reserved 393216K
  class space    used 10311K, committed 10688K, reserved 327680K
}
Event: 140.943 GC heap after
{Heap after GC invocations=30 (full 0):
 garbage-first heap   total 322560K, used 120180K [0x00000000e0000000, 0x0000000100000000)
  region size 1024K, 14 young (14336K), 14 survivors (14336K)
 Metaspace       used 74616K, committed 75328K, reserved 393216K
  class space    used 10311K, committed 10688K, reserved 327680K
}
Event: 140.952 GC heap before
{Heap before GC invocations=30 (full 0):
 garbage-first heap   total 322560K, used 121204K [0x00000000e0000000, 0x0000000100000000)
  region size 1024K, 15 young (15360K), 14 survivors (14336K)
 Metaspace       used 74616K, committed 75328K, reserved 393216K
  class space    used 10311K, committed 10688K, reserved 327680K
}
Event: 140.965 GC heap after
{Heap after GC invocations=31 (full 0):
 garbage-first heap   total 322560K, used 115200K [0x00000000e0000000, 0x0000000100000000)
  region size 1024K, 2 young (2048K), 2 survivors (2048K)
 Metaspace       used 74616K, committed 75328K, reserved 393216K
  class space    used 10311K, committed 10688K, reserved 327680K
}
Event: 141.272 GC heap before
{Heap before GC invocations=31 (full 0):
 garbage-first heap   total 322560K, used 238080K [0x00000000e0000000, 0x0000000100000000)
  region size 1024K, 122 young (124928K), 2 survivors (2048K)
 Metaspace       used 74616K, committed 75328K, reserved 393216K
  class space    used 10311K, committed 10688K, reserved 327680K
}
Event: 141.302 GC heap after
{Heap after GC invocations=32 (full 0):
 garbage-first heap   total 322560K, used 150528K [0x00000000e0000000, 0x0000000100000000)
  region size 1024K, 16 young (16384K), 16 survivors (16384K)
 Metaspace       used 74616K, committed 75328K, reserved 393216K
  class space    used 10311K, committed 10688K, reserved 327680K
}
Event: 141.661 GC heap before
{Heap before GC invocations=33 (full 0):
 garbage-first heap   total 322560K, used 239616K [0x00000000e0000000, 0x0000000100000000)
  region size 1024K, 103 young (105472K), 16 survivors (16384K)
 Metaspace       used 74619K, committed 75328K, reserved 393216K
  class space    used 10311K, committed 10688K, reserved 327680K
}
Event: 141.695 GC heap after
{Heap after GC invocations=34 (full 0):
 garbage-first heap   total 322560K, used 180224K [0x00000000e0000000, 0x0000000100000000)
  region size 1024K, 13 young (13312K), 13 survivors (13312K)
 Metaspace       used 74619K, committed 75328K, reserved 393216K
  class space    used 10311K, committed 10688K, reserved 327680K
}
Event: 141.709 GC heap before
{Heap before GC invocations=34 (full 0):
 garbage-first heap   total 322560K, used 182272K [0x00000000e0000000, 0x0000000100000000)
  region size 1024K, 15 young (15360K), 13 survivors (13312K)
 Metaspace       used 74619K, committed 75328K, reserved 393216K
  class space    used 10311K, committed 10688K, reserved 327680K
}
Event: 141.728 GC heap after
{Heap after GC invocations=35 (full 0):
 garbage-first heap   total 330752K, used 167424K [0x00000000e0000000, 0x0000000100000000)
  region size 1024K, 2 young (2048K), 2 survivors (2048K)
 Metaspace       used 74619K, committed 75328K, reserved 393216K
  class space    used 10311K, committed 10688K, reserved 327680K
}
Event: 141.811 GC heap before
{Heap before GC invocations=35 (full 0):
 garbage-first heap   total 330752K, used 243200K [0x00000000e0000000, 0x0000000100000000)
  region size 1024K, 76 young (77824K), 2 survivors (2048K)
 Metaspace       used 74619K, committed 75328K, reserved 393216K
  class space    used 10311K, committed 10688K, reserved 327680K
}
Event: 141.813 GC heap after
{Heap after GC invocations=36 (full 0):
 garbage-first heap   total 330752K, used 167424K [0x00000000e0000000, 0x0000000100000000)
  region size 1024K, 2 young (2048K), 2 survivors (2048K)
 Metaspace       used 74619K, committed 75328K, reserved 393216K
  class space    used 10311K, committed 10688K, reserved 327680K
}
Event: 141.923 GC heap before
{Heap before GC invocations=36 (full 0):
 garbage-first heap   total 330752K, used 249344K [0x00000000e0000000, 0x0000000100000000)
  region size 1024K, 82 young (83968K), 2 survivors (2048K)
 Metaspace       used 74619K, committed 75328K, reserved 393216K
  class space    used 10311K, committed 10688K, reserved 327680K
}
Event: 141.925 GC heap after
{Heap after GC invocations=37 (full 0):
 garbage-first heap   total 330752K, used 167424K [0x00000000e0000000, 0x0000000100000000)
  region size 1024K, 2 young (2048K), 2 survivors (2048K)
 Metaspace       used 74619K, committed 75328K, reserved 393216K
  class space    used 10311K, committed 10688K, reserved 327680K
}
Event: 141.999 GC heap before
{Heap before GC invocations=37 (full 0):
 garbage-first heap   total 330752K, used 255488K [0x00000000e0000000, 0x0000000100000000)
  region size 1024K, 88 young (90112K), 2 survivors (2048K)
 Metaspace       used 74619K, committed 75328K, reserved 393216K
  class space    used 10311K, committed 10688K, reserved 327680K
}
Event: 142.001 GC heap after
{Heap after GC invocations=38 (full 0):
 garbage-first heap   total 330752K, used 167365K [0x00000000e0000000, 0x0000000100000000)
  region size 1024K, 2 young (2048K), 2 survivors (2048K)
 Metaspace       used 74619K, committed 75328K, reserved 393216K
  class space    used 10311K, committed 10688K, reserved 327680K
}

